2026-05-31 17:58:23 [app.ui.transaction_frame] ERROR    Lỗi phân loại AI: 'category_id'
Traceback (most recent call last):
  File "D:\dacs1\finance_ai_app\app\ui\transaction_frame.py", line 48, in run
    det.detect_and_mark()
  File "D:\dacs1\finance_ai_app\app\ai\anomaly_detector.py", line 28, in detect_and_mark
    return self._build_anomaly_report(anomalies, df)
           ^^^^^^^^^^^^^^^^^^^^^^^^^^^^^^^^^^^^^^^^^
  File "D:\dacs1\finance_ai_app\app\ai\anomaly_detector.py", line 156, in _build_anomaly_report
    cat_stats = all_df.groupby("category_id")["amount"].agg(
                ^^^^^^^^^^^^^^^^^^^^^^^^^^^^^
  File "D:\dacs1\finance_ai_app\.venv\Lib\site-packages\pandas\util\_decorators.py", line 336, in wrapper
    return func(*args, **kwargs)
           ^^^^^^^^^^^^^^^^^^^^^
  File "D:\dacs1\finance_ai_app\.venv\Lib\site-packages\pandas\core\frame.py", line 10833, in groupby
    return DataFrameGroupBy(
           ^^^^^^^^^^^^^^^^^
  File "D:\dacs1\finance_ai_app\.venv\Lib\site-packages\pandas\core\groupby\groupby.py", line 1095, in __init__
    grouper, exclusions, obj = get_grouper(
                               ^^^^^^^^^^^^
  File "D:\dacs1\finance_ai_app\.venv\Lib\site-packages\pandas\core\groupby\grouper.py", line 901, in get_grouper
    raise KeyError(gpr)
KeyError: 'category_id'
2026-05-31 17:58:24 [app.ui.transaction_frame] ERROR    Lỗi phân loại AI: 'category_id'
Traceback (most recent call last):
  File "D:\dacs1\finance_ai_app\app\ui\transaction_frame.py", line 48, in run
    det.detect_and_mark()
  File "D:\dacs1\finance_ai_app\app\ai\anomaly_detector.py", line 28, in detect_and_mark
    return self._build_anomaly_report(anomalies, df)
           ^^^^^^^^^^^^^^^^^^^^^^^^^^^^^^^^^^^^^^^^^
  File "D:\dacs1\finance_ai_app\app\ai\anomaly_detector.py", line 156, in _build_anomaly_report
    cat_stats = all_df.groupby("category_id")["amount"].agg(
                ^^^^^^^^^^^^^^^^^^^^^^^^^^^^^
  File "D:\dacs1\finance_ai_app\.venv\Lib\site-packages\pandas\util\_decorators.py", line 336, in wrapper
    return func(*args, **kwargs)
           ^^^^^^^^^^^^^^^^^^^^^
  File "D:\dacs1\finance_ai_app\.venv\Lib\site-packages\pandas\core\frame.py", line 10833, in groupby
    return DataFrameGroupBy(
           ^^^^^^^^^^^^^^^^^
  File "D:\dacs1\finance_ai_app\.venv\Lib\site-packages\pandas\core\groupby\groupby.py", line 1095, in __init__
    grouper, exclusions, obj = get_grouper(
                               ^^^^^^^^^^^^
  File "D:\dacs1\finance_ai_app\.venv\Lib\site-packages\pandas\core\groupby\grouper.py", line 901, in get_grouper
    raise KeyError(gpr)
KeyError: 'category_id'
2026-05-31 17:58:26 [app.ui.transaction_frame] ERROR    Lỗi phân loại AI: 'category_id'
Traceback (most recent call last):
  File "D:\dacs1\finance_ai_app\app\ui\transaction_frame.py", line 48, in run
    det.detect_and_mark()
  File "D:\dacs1\finance_ai_app\app\ai\anomaly_detector.py", line 28, in detect_and_mark
    return self._build_anomaly_report(anomalies, df)
           ^^^^^^^^^^^^^^^^^^^^^^^^^^^^^^^^^^^^^^^^^
  File "D:\dacs1\finance_ai_app\app\ai\anomaly_detector.py", line 156, in _build_anomaly_report
    cat_stats = all_df.groupby("category_id")["amount"].agg(
                ^^^^^^^^^^^^^^^^^^^^^^^^^^^^^
  File "D:\dacs1\finance_ai_app\.venv\Lib\site-packages\pandas\util\_decorators.py", line 336, in wrapper
    return func(*args, **kwargs)
           ^^^^^^^^^^^^^^^^^^^^^
  File "D:\dacs1\finance_ai_app\.venv\Lib\site-packages\pandas\core\frame.py", line 10833, in groupby
    return DataFrameGroupBy(
           ^^^^^^^^^^^^^^^^^
  File "D:\dacs1\finance_ai_app\.venv\Lib\site-packages\pandas\core\groupby\groupby.py", line 1095, in __init__
    grouper, exclusions, obj = get_grouper(
                               ^^^^^^^^^^^^
  File "D:\dacs1\finance_ai_app\.venv\Lib\site-packages\pandas\core\groupby\grouper.py", line 901, in get_grouper
    raise KeyError(gpr)
KeyError: 'category_id'
2026-05-31 17:58:27 [app.ui.transaction_frame] ERROR    Lỗi phân loại AI: 'category_id'
Traceback (most recent call last):
  File "D:\dacs1\finance_ai_app\app\ui\transaction_frame.py", line 48, in run
    det.detect_and_mark()
  File "D:\dacs1\finance_ai_app\app\ai\anomaly_detector.py", line 28, in detect_and_mark
    return self._build_anomaly_report(anomalies, df)
           ^^^^^^^^^^^^^^^^^^^^^^^^^^^^^^^^^^^^^^^^^
  File "D:\dacs1\finance_ai_app\app\ai\anomaly_detector.py", line 156, in _build_anomaly_report
    cat_stats = all_df.groupby("category_id")["amount"].agg(
                ^^^^^^^^^^^^^^^^^^^^^^^^^^^^^
  File "D:\dacs1\finance_ai_app\.venv\Lib\site-packages\pandas\util\_decorators.py", line 336, in wrapper
    return func(*args, **kwargs)
           ^^^^^^^^^^^^^^^^^^^^^
  File "D:\dacs1\finance_ai_app\.venv\Lib\site-packages\pandas\core\frame.py", line 10833, in groupby
    return DataFrameGroupBy(
           ^^^^^^^^^^^^^^^^^
  File "D:\dacs1\finance_ai_app\.venv\Lib\site-packages\pandas\core\groupby\groupby.py", line 1095, in __init__
    grouper, exclusions, obj = get_grouper(
                               ^^^^^^^^^^^^
  File "D:\dacs1\finance_ai_app\.venv\Lib\site-packages\pandas\core\groupby\grouper.py", line 901, in get_grouper
    raise KeyError(gpr)
KeyError: 'category_id'
2026-05-31 17:58:27 [app.ui.transaction_frame] ERROR    Lỗi phân loại AI: 'category_id'
Traceback (most recent call last):
  File "D:\dacs1\finance_ai_app\app\ui\transaction_frame.py", line 48, in run
    det.detect_and_mark()
  File "D:\dacs1\finance_ai_app\app\ai\anomaly_detector.py", line 28, in detect_and_mark
    return self._build_anomaly_report(anomalies, df)
           ^^^^^^^^^^^^^^^^^^^^^^^^^^^^^^^^^^^^^^^^^
  File "D:\dacs1\finance_ai_app\app\ai\anomaly_detector.py", line 156, in _build_anomaly_report
    cat_stats = all_df.groupby("category_id")["amount"].agg(
                ^^^^^^^^^^^^^^^^^^^^^^^^^^^^^
  File "D:\dacs1\finance_ai_app\.venv\Lib\site-packages\pandas\util\_decorators.py", line 336, in wrapper
    return func(*args, **kwargs)
           ^^^^^^^^^^^^^^^^^^^^^
  File "D:\dacs1\finance_ai_app\.venv\Lib\site-packages\pandas\core\frame.py", line 10833, in groupby
    return DataFrameGroupBy(
           ^^^^^^^^^^^^^^^^^
  File "D:\dacs1\finance_ai_app\.venv\Lib\site-packages\pandas\core\groupby\groupby.py", line 1095, in __init__
    grouper, exclusions, obj = get_grouper(
                               ^^^^^^^^^^^^
  File "D:\dacs1\finance_ai_app\.venv\Lib\site-packages\pandas\core\groupby\grouper.py", line 901, in get_grouper
    raise KeyError(gpr)
KeyError: 'category_id'
2026-05-31 17:58:27 [app.ui.transaction_frame] ERROR    Lỗi phân loại AI: 'category_id'
Traceback (most recent call last):
  File "D:\dacs1\finance_ai_app\app\ui\transaction_frame.py", line 48, in run
    det.detect_and_mark()
  File "D:\dacs1\finance_ai_app\app\ai\anomaly_detector.py", line 28, in detect_and_mark
    return self._build_anomaly_report(anomalies, df)
           ^^^^^^^^^^^^^^^^^^^^^^^^^^^^^^^^^^^^^^^^^
  File "D:\dacs1\finance_ai_app\app\ai\anomaly_detector.py", line 156, in _build_anomaly_report
    cat_stats = all_df.groupby("category_id")["amount"].agg(
                ^^^^^^^^^^^^^^^^^^^^^^^^^^^^^
  File "D:\dacs1\finance_ai_app\.venv\Lib\site-packages\pandas\util\_decorators.py", line 336, in wrapper
    return func(*args, **kwargs)
           ^^^^^^^^^^^^^^^^^^^^^
  File "D:\dacs1\finance_ai_app\.venv\Lib\site-packages\pandas\core\frame.py", line 10833, in groupby
    return DataFrameGroupBy(
           ^^^^^^^^^^^^^^^^^
  File "D:\dacs1\finance_ai_app\.venv\Lib\site-packages\pandas\core\groupby\groupby.py", line 1095, in __init__
    grouper, exclusions, obj = get_grouper(
                               ^^^^^^^^^^^^
  File "D:\dacs1\finance_ai_app\.venv\Lib\site-packages\pandas\core\groupby\grouper.py", line 901, in get_grouper
    raise KeyError(gpr)
KeyError: 'category_id'
2026-06-01 10:42:55 [app.ui.transaction_frame] ERROR    Lỗi phân loại AI: Cannot operate on a closed database.
Traceback (most recent call last):
  File "D:\dacs1\finance_ai_app\app\ui\transaction_frame.py", line 41, in run
    det.detect_and_mark()
  File "D:\dacs1\finance_ai_app\app\ai\anomaly_detector.py", line 12, in detect_and_mark
    df = self._load_data(month)
         ^^^^^^^^^^^^^^^^^^^^^^
  File "D:\dacs1\finance_ai_app\app\ai\anomaly_detector.py", line 106, in _load_data
    rows = conn.execute(query, params).fetchall()
           ^^^^^^^^^^^^^^^^^^^^^^^^^^^^^^^^^^^^^^
sqlite3.ProgrammingError: Cannot operate on a closed database.
2026-06-01 10:42:55 [app.ui.transaction_frame] ERROR    Lỗi phân loại AI: Cannot operate on a closed database.
Traceback (most recent call last):
  File "D:\dacs1\finance_ai_app\app\ui\transaction_frame.py", line 41, in run
    det.detect_and_mark()
  File "D:\dacs1\finance_ai_app\app\ai\anomaly_detector.py", line 12, in detect_and_mark
    df = self._load_data(month)
         ^^^^^^^^^^^^^^^^^^^^^^
  File "D:\dacs1\finance_ai_app\app\ai\anomaly_detector.py", line 106, in _load_data
    rows = conn.execute(query, params).fetchall()
           ^^^^^^^^^^^^^^^^^^^^^^^^^^^^^^^^^^^^^^
sqlite3.ProgrammingError: Cannot operate on a closed database.
2026-06-01 10:42:55 [app.ui.transaction_frame] ERROR    Lỗi phân loại AI: Cannot operate on a closed database.
Traceback (most recent call last):
  File "D:\dacs1\finance_ai_app\app\ui\transaction_frame.py", line 41, in run
    det.detect_and_mark()
  File "D:\dacs1\finance_ai_app\app\ai\anomaly_detector.py", line 12, in detect_and_mark
    df = self._load_data(month)
         ^^^^^^^^^^^^^^^^^^^^^^
  File "D:\dacs1\finance_ai_app\app\ai\anomaly_detector.py", line 106, in _load_data
    rows = conn.execute(query, params).fetchall()
           ^^^^^^^^^^^^^^^^^^^^^^^^^^^^^^^^^^^^^^
sqlite3.ProgrammingError: Cannot operate on a closed database.
2026-06-01 10:42:55 [app.ui.transaction_frame] ERROR    Lỗi phân loại AI: Cannot operate on a closed database.
Traceback (most recent call last):
  File "D:\dacs1\finance_ai_app\app\ui\transaction_frame.py", line 41, in run
    det.detect_and_mark()
  File "D:\dacs1\finance_ai_app\app\ai\anomaly_detector.py", line 12, in detect_and_mark
    df = self._load_data(month)
         ^^^^^^^^^^^^^^^^^^^^^^
  File "D:\dacs1\finance_ai_app\app\ai\anomaly_detector.py", line 106, in _load_data
    rows = conn.execute(query, params).fetchall()
           ^^^^^^^^^^^^^^^^^^^^^^^^^^^^^^^^^^^^^^
sqlite3.ProgrammingError: Cannot operate on a closed database.
2026-06-01 10:42:55 [app.ui.transaction_frame] ERROR    Lỗi phân loại AI: Cannot operate on a closed database.
Traceback (most recent call last):
  File "D:\dacs1\finance_ai_app\app\ui\transaction_frame.py", line 41, in run
    det.detect_and_mark()
  File "D:\dacs1\finance_ai_app\app\ai\anomaly_detector.py", line 12, in detect_and_mark
    df = self._load_data(month)
         ^^^^^^^^^^^^^^^^^^^^^^
  File "D:\dacs1\finance_ai_app\app\ai\anomaly_detector.py", line 106, in _load_data
    rows = conn.execute(query, params).fetchall()
           ^^^^^^^^^^^^^^^^^^^^^^^^^^^^^^^^^^^^^^
sqlite3.ProgrammingError: Cannot operate on a closed database.
2026-06-01 10:42:55 [app.ui.transaction_frame] ERROR    Lỗi phân loại AI: Cannot operate on a closed database.
Traceback (most recent call last):
  File "D:\dacs1\finance_ai_app\app\ui\transaction_frame.py", line 41, in run
    det.detect_and_mark()
  File "D:\dacs1\finance_ai_app\app\ai\anomaly_detector.py", line 12, in detect_and_mark
    df = self._load_data(month)
         ^^^^^^^^^^^^^^^^^^^^^^
  File "D:\dacs1\finance_ai_app\app\ai\anomaly_detector.py", line 106, in _load_data
    rows = conn.execute(query, params).fetchall()
           ^^^^^^^^^^^^^^^^^^^^^^^^^^^^^^^^^^^^^^
sqlite3.ProgrammingError: Cannot operate on a closed database.
2026-06-01 10:42:55 [app.ui.transaction_frame] ERROR    Lỗi phân loại AI: Cannot operate on a closed database.
Traceback (most recent call last):
  File "D:\dacs1\finance_ai_app\app\ui\transaction_frame.py", line 41, in run
    det.detect_and_mark()
  File "D:\dacs1\finance_ai_app\app\ai\anomaly_detector.py", line 12, in detect_and_mark
    df = self._load_data(month)
         ^^^^^^^^^^^^^^^^^^^^^^
  File "D:\dacs1\finance_ai_app\app\ai\anomaly_detector.py", line 106, in _load_data
    rows = conn.execute(query, params).fetchall()
           ^^^^^^^^^^^^^^^^^^^^^^^^^^^^^^^^^^^^^^
sqlite3.ProgrammingError: Cannot operate on a closed database.
2026-06-01 10:42:55 [app.ui.transaction_frame] ERROR    Lỗi phân loại AI: Cannot operate on a closed database.
Traceback (most recent call last):
  File "D:\dacs1\finance_ai_app\app\ui\transaction_frame.py", line 41, in run
    det.detect_and_mark()
  File "D:\dacs1\finance_ai_app\app\ai\anomaly_detector.py", line 12, in detect_and_mark
    df = self._load_data(month)
         ^^^^^^^^^^^^^^^^^^^^^^
  File "D:\dacs1\finance_ai_app\app\ai\anomaly_detector.py", line 106, in _load_data
    rows = conn.execute(query, params).fetchall()
           ^^^^^^^^^^^^^^^^^^^^^^^^^^^^^^^^^^^^^^
sqlite3.ProgrammingError: Cannot operate on a closed database.
2026-06-01 10:42:55 [app.ui.transaction_frame] ERROR    Lỗi phân loại AI: Cannot operate on a closed database.
Traceback (most recent call last):
  File "D:\dacs1\finance_ai_app\app\ui\transaction_frame.py", line 41, in run
    det.detect_and_mark()
  File "D:\dacs1\finance_ai_app\app\ai\anomaly_detector.py", line 12, in detect_and_mark
    df = self._load_data(month)
         ^^^^^^^^^^^^^^^^^^^^^^
  File "D:\dacs1\finance_ai_app\app\ai\anomaly_detector.py", line 106, in _load_data
    rows = conn.execute(query, params).fetchall()
           ^^^^^^^^^^^^^^^^^^^^^^^^^^^^^^^^^^^^^^
sqlite3.ProgrammingError: Cannot operate on a closed database.
2026-06-01 10:42:57 [app.ui.transaction_frame] ERROR    Lỗi phân loại AI: 'category_id'
Traceback (most recent call last):
  File "D:\dacs1\finance_ai_app\app\ui\transaction_frame.py", line 41, in run
    det.detect_and_mark()
  File "D:\dacs1\finance_ai_app\app\ai\anomaly_detector.py", line 28, in detect_and_mark
    return self._build_anomaly_report(anomalies, df)
           ^^^^^^^^^^^^^^^^^^^^^^^^^^^^^^^^^^^^^^^^^
  File "D:\dacs1\finance_ai_app\app\ai\anomaly_detector.py", line 156, in _build_anomaly_report
    cat_stats = all_df.groupby("category_id")["amount"].agg(
                ^^^^^^^^^^^^^^^^^^^^^^^^^^^^^
  File "D:\dacs1\finance_ai_app\.venv\Lib\site-packages\pandas\util\_decorators.py", line 336, in wrapper
    return func(*args, **kwargs)
           ^^^^^^^^^^^^^^^^^^^^^
  File "D:\dacs1\finance_ai_app\.venv\Lib\site-packages\pandas\core\frame.py", line 10833, in groupby
    return DataFrameGroupBy(
           ^^^^^^^^^^^^^^^^^
  File "D:\dacs1\finance_ai_app\.venv\Lib\site-packages\pandas\core\groupby\groupby.py", line 1095, in __init__
    grouper, exclusions, obj = get_grouper(
                               ^^^^^^^^^^^^
  File "D:\dacs1\finance_ai_app\.venv\Lib\site-packages\pandas\core\groupby\grouper.py", line 901, in get_grouper
    raise KeyError(gpr)
KeyError: 'category_id'
2026-06-01 10:42:57 [app.ui.transaction_frame] ERROR    Lỗi phân loại AI: 'category_id'
Traceback (most recent call last):
  File "D:\dacs1\finance_ai_app\app\ui\transaction_frame.py", line 41, in run
    det.detect_and_mark()
  File "D:\dacs1\finance_ai_app\app\ai\anomaly_detector.py", line 28, in detect_and_mark
    return self._build_anomaly_report(anomalies, df)
           ^^^^^^^^^^^^^^^^^^^^^^^^^^^^^^^^^^^^^^^^^
  File "D:\dacs1\finance_ai_app\app\ai\anomaly_detector.py", line 156, in _build_anomaly_report
    cat_stats = all_df.groupby("category_id")["amount"].agg(
                ^^^^^^^^^^^^^^^^^^^^^^^^^^^^^
  File "D:\dacs1\finance_ai_app\.venv\Lib\site-packages\pandas\util\_decorators.py", line 336, in wrapper
    return func(*args, **kwargs)
           ^^^^^^^^^^^^^^^^^^^^^
  File "D:\dacs1\finance_ai_app\.venv\Lib\site-packages\pandas\core\frame.py", line 10833, in groupby
    return DataFrameGroupBy(
           ^^^^^^^^^^^^^^^^^
  File "D:\dacs1\finance_ai_app\.venv\Lib\site-packages\pandas\core\groupby\groupby.py", line 1095, in __init__
    grouper, exclusions, obj = get_grouper(
                               ^^^^^^^^^^^^
  File "D:\dacs1\finance_ai_app\.venv\Lib\site-packages\pandas\core\groupby\grouper.py", line 901, in get_grouper
    raise KeyError(gpr)
KeyError: 'category_id'
2026-06-01 10:42:57 [app.ui.transaction_frame] ERROR    Lỗi phân loại AI: 'category_id'
Traceback (most recent call last):
  File "D:\dacs1\finance_ai_app\app\ui\transaction_frame.py", line 41, in run
    det.detect_and_mark()
  File "D:\dacs1\finance_ai_app\app\ai\anomaly_detector.py", line 28, in detect_and_mark
    return self._build_anomaly_report(anomalies, df)
           ^^^^^^^^^^^^^^^^^^^^^^^^^^^^^^^^^^^^^^^^^
  File "D:\dacs1\finance_ai_app\app\ai\anomaly_detector.py", line 156, in _build_anomaly_report
    cat_stats = all_df.groupby("category_id")["amount"].agg(
                ^^^^^^^^^^^^^^^^^^^^^^^^^^^^^
  File "D:\dacs1\finance_ai_app\.venv\Lib\site-packages\pandas\util\_decorators.py", line 336, in wrapper
    return func(*args, **kwargs)
           ^^^^^^^^^^^^^^^^^^^^^
  File "D:\dacs1\finance_ai_app\.venv\Lib\site-packages\pandas\core\frame.py", line 10833, in groupby
    return DataFrameGroupBy(
           ^^^^^^^^^^^^^^^^^
  File "D:\dacs1\finance_ai_app\.venv\Lib\site-packages\pandas\core\groupby\groupby.py", line 1095, in __init__
    grouper, exclusions, obj = get_grouper(
                               ^^^^^^^^^^^^
  File "D:\dacs1\finance_ai_app\.venv\Lib\site-packages\pandas\core\groupby\grouper.py", line 901, in get_grouper
    raise KeyError(gpr)
KeyError: 'category_id'
2026-06-01 10:42:57 [app.ui.transaction_frame] ERROR    Lỗi phân loại AI: 'category_id'
Traceback (most recent call last):
  File "D:\dacs1\finance_ai_app\app\ui\transaction_frame.py", line 41, in run
    det.detect_and_mark()
  File "D:\dacs1\finance_ai_app\app\ai\anomaly_detector.py", line 28, in detect_and_mark
    return self._build_anomaly_report(anomalies, df)
           ^^^^^^^^^^^^^^^^^^^^^^^^^^^^^^^^^^^^^^^^^
  File "D:\dacs1\finance_ai_app\app\ai\anomaly_detector.py", line 156, in _build_anomaly_report
    cat_stats = all_df.groupby("category_id")["amount"].agg(
                ^^^^^^^^^^^^^^^^^^^^^^^^^^^^^
  File "D:\dacs1\finance_ai_app\.venv\Lib\site-packages\pandas\util\_decorators.py", line 336, in wrapper
    return func(*args, **kwargs)
           ^^^^^^^^^^^^^^^^^^^^^
  File "D:\dacs1\finance_ai_app\.venv\Lib\site-packages\pandas\core\frame.py", line 10833, in groupby
    return DataFrameGroupBy(
           ^^^^^^^^^^^^^^^^^
  File "D:\dacs1\finance_ai_app\.venv\Lib\site-packages\pandas\core\groupby\groupby.py", line 1095, in __init__
    grouper, exclusions, obj = get_grouper(
                               ^^^^^^^^^^^^
  File "D:\dacs1\finance_ai_app\.venv\Lib\site-packages\pandas\core\groupby\grouper.py", line 901, in get_grouper
    raise KeyError(gpr)
KeyError: 'category_id'
2026-06-01 10:42:57 [app.ui.transaction_frame] ERROR    Lỗi phân loại AI: 'category_id'
Traceback (most recent call last):
  File "D:\dacs1\finance_ai_app\app\ui\transaction_frame.py", line 41, in run
    det.detect_and_mark()
  File "D:\dacs1\finance_ai_app\app\ai\anomaly_detector.py", line 28, in detect_and_mark
    return self._build_anomaly_report(anomalies, df)
           ^^^^^^^^^^^^^^^^^^^^^^^^^^^^^^^^^^^^^^^^^
  File "D:\dacs1\finance_ai_app\app\ai\anomaly_detector.py", line 156, in _build_anomaly_report
    cat_stats = all_df.groupby("category_id")["amount"].agg(
                ^^^^^^^^^^^^^^^^^^^^^^^^^^^^^
  File "D:\dacs1\finance_ai_app\.venv\Lib\site-packages\pandas\util\_decorators.py", line 336, in wrapper
    return func(*args, **kwargs)
           ^^^^^^^^^^^^^^^^^^^^^
  File "D:\dacs1\finance_ai_app\.venv\Lib\site-packages\pandas\core\frame.py", line 10833, in groupby
    return DataFrameGroupBy(
           ^^^^^^^^^^^^^^^^^
  File "D:\dacs1\finance_ai_app\.venv\Lib\site-packages\pandas\core\groupby\groupby.py", line 1095, in __init__
    grouper, exclusions, obj = get_grouper(
                               ^^^^^^^^^^^^
  File "D:\dacs1\finance_ai_app\.venv\Lib\site-packages\pandas\core\groupby\grouper.py", line 901, in get_grouper
    raise KeyError(gpr)
KeyError: 'category_id'
2026-06-01 10:42:57 [app.ui.transaction_frame] ERROR    Lỗi phân loại AI: 'category_id'
Traceback (most recent call last):
  File "D:\dacs1\finance_ai_app\app\ui\transaction_frame.py", line 41, in run
    det.detect_and_mark()
  File "D:\dacs1\finance_ai_app\app\ai\anomaly_detector.py", line 28, in detect_and_mark
    return self._build_anomaly_report(anomalies, df)
           ^^^^^^^^^^^^^^^^^^^^^^^^^^^^^^^^^^^^^^^^^
  File "D:\dacs1\finance_ai_app\app\ai\anomaly_detector.py", line 156, in _build_anomaly_report
    cat_stats = all_df.groupby("category_id")["amount"].agg(
                ^^^^^^^^^^^^^^^^^^^^^^^^^^^^^
  File "D:\dacs1\finance_ai_app\.venv\Lib\site-packages\pandas\util\_decorators.py", line 336, in wrapper
    return func(*args, **kwargs)
           ^^^^^^^^^^^^^^^^^^^^^
  File "D:\dacs1\finance_ai_app\.venv\Lib\site-packages\pandas\core\frame.py", line 10833, in groupby
    return DataFrameGroupBy(
           ^^^^^^^^^^^^^^^^^
  File "D:\dacs1\finance_ai_app\.venv\Lib\site-packages\pandas\core\groupby\groupby.py", line 1095, in __init__
    grouper, exclusions, obj = get_grouper(
                               ^^^^^^^^^^^^
  File "D:\dacs1\finance_ai_app\.venv\Lib\site-packages\pandas\core\groupby\grouper.py", line 901, in get_grouper
    raise KeyError(gpr)
KeyError: 'category_id'
2026-06-01 14:40:15 [app.ui.transaction_frame] ERROR    Lỗi phân loại AI: 'category_id'
Traceback (most recent call last):
  File "D:\dacs1\finance_ai_app\app\ui\transaction_frame.py", line 41, in run
    det.detect_and_mark()
  File "D:\dacs1\finance_ai_app\app\ai\anomaly_detector.py", line 28, in detect_and_mark
    return self._build_anomaly_report(anomalies, df)
           ^^^^^^^^^^^^^^^^^^^^^^^^^^^^^^^^^^^^^^^^^
  File "D:\dacs1\finance_ai_app\app\ai\anomaly_detector.py", line 156, in _build_anomaly_report
    cat_stats = all_df.groupby("category_id")["amount"].agg(
                ^^^^^^^^^^^^^^^^^^^^^^^^^^^^^
  File "D:\dacs1\finance_ai_app\.venv\Lib\site-packages\pandas\util\_decorators.py", line 336, in wrapper
    return func(*args, **kwargs)
           ^^^^^^^^^^^^^^^^^^^^^
  File "D:\dacs1\finance_ai_app\.venv\Lib\site-packages\pandas\core\frame.py", line 10833, in groupby
    return DataFrameGroupBy(
           ^^^^^^^^^^^^^^^^^
  File "D:\dacs1\finance_ai_app\.venv\Lib\site-packages\pandas\core\groupby\groupby.py", line 1095, in __init__
    grouper, exclusions, obj = get_grouper(
                               ^^^^^^^^^^^^
  File "D:\dacs1\finance_ai_app\.venv\Lib\site-packages\pandas\core\groupby\grouper.py", line 901, in get_grouper
    raise KeyError(gpr)
KeyError: 'category_id'
2026-06-01 14:40:24 [app.ui.transaction_frame] ERROR    Lỗi phân loại AI: 'category_id'
Traceback (most recent call last):
  File "D:\dacs1\finance_ai_app\app\ui\transaction_frame.py", line 41, in run
    det.detect_and_mark()
  File "D:\dacs1\finance_ai_app\app\ai\anomaly_detector.py", line 28, in detect_and_mark
    return self._build_anomaly_report(anomalies, df)
           ^^^^^^^^^^^^^^^^^^^^^^^^^^^^^^^^^^^^^^^^^
  File "D:\dacs1\finance_ai_app\app\ai\anomaly_detector.py", line 156, in _build_anomaly_report
    cat_stats = all_df.groupby("category_id")["amount"].agg(
                ^^^^^^^^^^^^^^^^^^^^^^^^^^^^^
  File "D:\dacs1\finance_ai_app\.venv\Lib\site-packages\pandas\util\_decorators.py", line 336, in wrapper
    return func(*args, **kwargs)
           ^^^^^^^^^^^^^^^^^^^^^
  File "D:\dacs1\finance_ai_app\.venv\Lib\site-packages\pandas\core\frame.py", line 10833, in groupby
    return DataFrameGroupBy(
           ^^^^^^^^^^^^^^^^^
  File "D:\dacs1\finance_ai_app\.venv\Lib\site-packages\pandas\core\groupby\groupby.py", line 1095, in __init__
    grouper, exclusions, obj = get_grouper(
                               ^^^^^^^^^^^^
  File "D:\dacs1\finance_ai_app\.venv\Lib\site-packages\pandas\core\groupby\grouper.py", line 901, in get_grouper
    raise KeyError(gpr)
KeyError: 'category_id'
2026-06-01 14:40:26 [app.ui.transaction_frame] ERROR    Lỗi phân loại AI: 'category_id'
Traceback (most recent call last):
  File "D:\dacs1\finance_ai_app\app\ui\transaction_frame.py", line 41, in run
    det.detect_and_mark()
  File "D:\dacs1\finance_ai_app\app\ai\anomaly_detector.py", line 28, in detect_and_mark
    return self._build_anomaly_report(anomalies, df)
           ^^^^^^^^^^^^^^^^^^^^^^^^^^^^^^^^^^^^^^^^^
  File "D:\dacs1\finance_ai_app\app\ai\anomaly_detector.py", line 156, in _build_anomaly_report
    cat_stats = all_df.groupby("category_id")["amount"].agg(
                ^^^^^^^^^^^^^^^^^^^^^^^^^^^^^
  File "D:\dacs1\finance_ai_app\.venv\Lib\site-packages\pandas\util\_decorators.py", line 336, in wrapper
    return func(*args, **kwargs)
           ^^^^^^^^^^^^^^^^^^^^^
  File "D:\dacs1\finance_ai_app\.venv\Lib\site-packages\pandas\core\frame.py", line 10833, in groupby
    return DataFrameGroupBy(
           ^^^^^^^^^^^^^^^^^
  File "D:\dacs1\finance_ai_app\.venv\Lib\site-packages\pandas\core\groupby\groupby.py", line 1095, in __init__
    grouper, exclusions, obj = get_grouper(
                               ^^^^^^^^^^^^
  File "D:\dacs1\finance_ai_app\.venv\Lib\site-packages\pandas\core\groupby\grouper.py", line 901, in get_grouper
    raise KeyError(gpr)
KeyError: 'category_id'
2026-06-01 14:40:34 [app.ui.transaction_frame] ERROR    Lỗi phân loại AI: 'category_id'
Traceback (most recent call last):
  File "D:\dacs1\finance_ai_app\app\ui\transaction_frame.py", line 41, in run
    det.detect_and_mark()
  File "D:\dacs1\finance_ai_app\app\ai\anomaly_detector.py", line 28, in detect_and_mark
    return self._build_anomaly_report(anomalies, df)
           ^^^^^^^^^^^^^^^^^^^^^^^^^^^^^^^^^^^^^^^^^
  File "D:\dacs1\finance_ai_app\app\ai\anomaly_detector.py", line 156, in _build_anomaly_report
    cat_stats = all_df.groupby("category_id")["amount"].agg(
                ^^^^^^^^^^^^^^^^^^^^^^^^^^^^^
  File "D:\dacs1\finance_ai_app\.venv\Lib\site-packages\pandas\util\_decorators.py", line 336, in wrapper
    return func(*args, **kwargs)
           ^^^^^^^^^^^^^^^^^^^^^
  File "D:\dacs1\finance_ai_app\.venv\Lib\site-packages\pandas\core\frame.py", line 10833, in groupby
    return DataFrameGroupBy(
           ^^^^^^^^^^^^^^^^^
  File "D:\dacs1\finance_ai_app\.venv\Lib\site-packages\pandas\core\groupby\groupby.py", line 1095, in __init__
    grouper, exclusions, obj = get_grouper(
                               ^^^^^^^^^^^^
  File "D:\dacs1\finance_ai_app\.venv\Lib\site-packages\pandas\core\groupby\grouper.py", line 901, in get_grouper
    raise KeyError(gpr)
KeyError: 'category_id'
